<?xml version="1.0" encoding="UTF-8"?>
<!-- Generated by org.testng.reporters.JUnitReportReporter -->
<testsuite skipped="0" hostname="Deltaman-PC" name="uptake.tests.MainUptakeTest" tests="1" failures="0" timestamp="12 Jul 2017 00:38:34 GMT" time="0.023" errors="0">
  <testcase name="testing" time="0.023" classname="uptake.tests.MainUptakeTest"/>
</testsuite> <!-- uptake.tests.MainUptakeTest -->
