<?xml version="1.0" encoding="UTF-8"?>
<!-- Generated by org.testng.reporters.JUnitReportReporter -->
<testsuite skipped="0" hostname="Deltaman-PC" name="uptake.tests.MainUptakeTest" tests="2" failures="0" timestamp="11 Jul 2017 12:14:09 GMT" time="0.207" errors="0">
  <testcase name="PagelaunchTest" time="0.023" classname="uptake.tests.MainUptakeTest"/>
  <testcase name="PageLinkTest" time="0.184" classname="uptake.tests.MainUptakeTest"/>
</testsuite> <!-- uptake.tests.MainUptakeTest -->
